"program", ["def", "int", "double", "if", "while", "print", "return", "ID"]
"funcDecl", ["def", "EPSILON"]
"funcDef", ["def"]
"funcDefRight", ["def", "EPSILON"]
"params", ["int", "double", "EPSILON"]
"paramsRight", [",", "EPSILON"]
"funcName", ["ID"]
"declarations", ["int", "double", "EPSILON"]
"decl", ["int", "double"]
"declRight", ["int", "double", "EPSILON"]
"type", ["int", "double"]
"varlist", ["ID"]
"varlistRight", [",", "EPSILON"]
"statementSequence", ["if", "while", "print", "return", "ID", "EPSILON"]
"statement", ["if", "while", "print", "return", "ID", "EPSILON"]
"statementSequenceRight", [";", "EPSILON"]
"optionElse", ["else", "EPSILON"]
"expr", ["ID", "NUMBER", "("]
"term", ["ID", "NUMBER", "("]
"termRight", ["+", "-", "EPSILON"]
"varRight", ["[", "EPSILON"]
"var", ["ID"]
"comp", ["<", ">", "==", "<=", ">=", "<>"]
"branchFactorParen", ["(", "not", "ID", "NUMBER", "EPSILON"]
"branchFactor", ["(", "not"]
"branchFactorRight", ["and", "EPSILON"]
"branchTerm", ["(", "not"]
"branchTermRight", ["or", "EPSILON"]
"branchExpression", ["(", "not"]
"expressionSequenceRight", [",", "EPSILON"]
"expressionSequence", ["(", "ID", "NUMBER"]
"factor", ["(", "ID", "NUMBER"]
"factorRight", ["*", "/", "%", "EPSILON"]
"factorParen", ["(", "EPSILON"]