"program", ["$"]
"funcDecl", ["int", "double", "if", "while", "print", "return", "ID"]
"funcDef", [";"]
"funcDefRight", [";"]
"params", [")"]
"paramsRight", [")"]
"funcName", ["("]
"declarations", ["if", "while", "print", "return", "ID"]
"decl", [";"]
"declRight", [";"]
"type", ["ID"]
"varlist", [";", ",", ".", "(", ")", "]", "[", "then", "+", "-", "", "/", "%", "==", "<>", "<", ">"]
"varlistRight", [";", ",", ".", "(", ")", "]", "[", "then", "+", "-", "", "/", "%", "==", "<>", "<", ">"]
"statementSequence", [".", "fed", "fi", "od", "else"]
"statement", [".", ";", "fed", "fi", "od", "else"]
"statementSequenceRight", [".", ";", "fed", "fi", "od", "else"]
"optionElse", [".", ";", "fed", "fi", "od", "else"]
"expr", [".", ";", "fed", "fi", "od", "else", ")", "=", ">", "<", "]"]
"term", [".", ";", "fed", "fi", "od", "else", ")", "=", ">", "<", "]", "+", "-", "", "/"]
"termRight", [".", ";", "fed", "fi", "od", "else", ")", "=", ">", "<", "]", "+", "-", "", "/"]
"varRight", [";", ",", ".", "(", ")", "]", "[", "then", "+", "-", "", "/", "%", "==", "<>", "<", ">"]
"var", [";", ",", ".", "(", ")", "]", "[", "then", "+", "-", "", "/", "%", "==", "<>", "<", ">"]
"comp", [""]
"branchFactorParen", ["then", "do", ")", "or", "and"]
"branchFactor", ["then", "do", ")", "or", "and"]
"branchFactorRight", ["then", "do", ")", "or", "and"]
"branchTerm", ["then", "do", ")", "or", "and"]
"branchTermRight", ["then", "do", ")", "or", "and"]
"branchExpression", ["then", "do", ")", "or"]
"expressionSequenceRight", [")"]
"expressionSequence", [")"]
"factor", [".", ";", "fed", "fi", "od", "else", ")", "=", ">", "<", "]", "+", "-", "", "/"]
"factorRight", [".", ";", "fed", "fi", "od", "else", ")", "=", ">", "<", "]", "+", "-", "", "/"]
"factorParen", [".",";","fed","fi","od","else",")","=",">","<","]","+","-","*","/"]